2024-07-16 10:44:18.534 INFO: MACE version: 0.3.5
2024-07-16 10:44:18.534 INFO: Configuration: Namespace(config=None, name='mace_96_1', seed=123, log_dir='logs', model_dir='.', checkpoints_dir='checkpoints', results_dir='results', downloads_dir='downloads', device='cuda', default_dtype='float64', distributed=False, log_level='INFO', error_table='PerAtomRMSE', model='ScaleShiftMACE', r_max=6.0, radial_type='bessel', num_radial_basis=8, num_cutoff_basis=5, pair_repulsion=False, distance_transform='None', interaction='RealAgnosticResidualInteractionBlock', interaction_first='RealAgnosticResidualInteractionBlock', max_ell=3, correlation=3, num_interactions=2, MLP_irreps='16x0e', radial_MLP='[64, 64, 64]', hidden_irreps='96x0e + 96x1o', num_channels=None, max_L=None, gate='silu', scaling='rms_forces_scaling', avg_num_neighbors=1, compute_avg_num_neighbors=True, compute_stress=False, compute_forces=True, train_file='70_train_mace_xtb.xyz', valid_file=None, valid_fraction=0.05, test_file='30_test_mace_xtb.xyz', test_dir=None, multi_processed_test=False, num_workers=0, pin_memory=True, atomic_numbers=None, mean=None, std=None, statistics_file=None, E0s='isolated', keep_isolated_atoms=False, energy_key='REF_energies', forces_key='REF_forces', virials_key='virials', stress_key='stress', dipole_key='dipole', charges_key='charges', loss='weighted', forces_weight=100.0, swa_forces_weight=100.0, energy_weight=1.0, swa_energy_weight=1000.0, virials_weight=1.0, swa_virials_weight=10.0, stress_weight=1.0, swa_stress_weight=10.0, dipole_weight=1.0, swa_dipole_weight=1.0, config_type_weights='{"Default":1.0}', huber_delta=0.01, optimizer='adam', batch_size=4, valid_batch_size=10, lr=0.01, swa_lr=0.001, weight_decay=5e-07, amsgrad=True, scheduler='ReduceLROnPlateau', lr_factor=0.8, scheduler_patience=50, lr_scheduler_gamma=0.9993, swa=False, start_swa=None, ema=True, ema_decay=0.99, max_num_epochs=300, patience=2048, foundation_model=None, foundation_model_readout=True, eval_interval=2, keep_checkpoints=False, save_all_checkpoints=False, restart_latest=True, save_cpu=True, clip_grad=10.0, wandb=False, wandb_project='', wandb_entity='', wandb_name='', wandb_log_hypers=['num_channels', 'max_L', 'correlation', 'lr', 'swa_lr', 'weight_decay', 'batch_size', 'max_num_epochs', 'start_swa', 'energy_weight', 'forces_weight'])
2024-07-16 10:44:18.680 INFO: CUDA version: 11.8, CUDA device: 0
2024-07-16 10:44:18.720 INFO: Error accessing Git repository: /workspace
2024-07-16 10:44:20.149 INFO: Since ASE version 3.23.0b1, using stress_key 'stress' is no longer safe when communicating between MACE and ASE. We recommend using a different key, rewriting energies to 'REF_stress'. You need to use --stress_key='REF_stress', to tell the key name chosen.
2024-07-16 10:44:20.156 INFO: Using isolated atom energies from training file
2024-07-16 10:44:20.246 INFO: Loaded 3500 training configurations from '70_train_mace_xtb.xyz'
2024-07-16 10:44:20.248 INFO: Using random 5.0% of training set for validation
2024-07-16 10:44:20.846 INFO: Since ASE version 3.23.0b1, using stress_key 'stress' is no longer safe when communicating between MACE and ASE. We recommend using a different key, rewriting energies to 'REF_stress'. You need to use --stress_key='REF_stress', to tell the key name chosen.
2024-07-16 10:44:20.885 INFO: Loaded 1503 test configurations from '30_test_mace_xtb.xyz'
2024-07-16 10:44:20.885 INFO: Total number of configurations: train=3325, valid=175, tests=[IsolatedAtom: 3, Default: 1500]
2024-07-16 10:44:20.904 INFO: AtomicNumberTable: (1, 6, 8)
2024-07-16 10:44:20.904 INFO: Atomic energies: [-10.707211383396714, -48.847445262804705, -102.57117256025786]
2024-07-16 10:44:22.818 INFO: WeightedEnergyForcesLoss(energy_weight=1.000, forces_weight=100.000)
2024-07-16 10:44:24.572 INFO: Average number of neighbors: 16.61252355936961
2024-07-16 10:44:24.573 INFO: Selected the following outputs: {'energy': True, 'forces': True, 'virials': False, 'stress': False, 'dipoles': False}
2024-07-16 10:44:26.099 INFO: Building model
2024-07-16 10:44:26.100 INFO: Hidden irreps: 96x0e + 96x1o
2024-07-16 10:44:27.966 WARNING: Cannot find checkpoint with tag 'mace_96_1_run-123' in 'checkpoints'
2024-07-16 10:44:27.967 INFO: ScaleShiftMACE(
  (node_embedding): LinearNodeEmbeddingBlock(
    (linear): Linear(3x0e -> 96x0e | 288 weights)
  )
  (radial_embedding): RadialEmbeddingBlock(
    (bessel_fn): BesselBasis(r_max=6.0, num_basis=8, trainable=False)
    (cutoff_fn): PolynomialCutoff(p=5.0, r_max=6.0)
  )
  (spherical_harmonics): SphericalHarmonics()
  (atomic_energies_fn): AtomicEnergiesBlock(energies=[-10.7072, -48.8474, -102.5712])
  (interactions): ModuleList(
    (0): RealAgnosticResidualInteractionBlock(
      (linear_up): Linear(96x0e -> 96x0e | 9216 weights)
      (conv_tp): TensorProduct(96x0e x 1x0e+1x1o+1x2e+1x3o -> 96x0e+96x1o+96x2e+96x3o | 384 paths | 384 weights)
      (conv_tp_weights): FullyConnectedNet[8, 64, 64, 64, 384]
      (linear): Linear(96x0e+96x1o+96x2e+96x3o -> 96x0e+96x1o+96x2e+96x3o | 36864 weights)
      (skip_tp): FullyConnectedTensorProduct(96x0e x 3x0e -> 96x0e+96x1o | 27648 paths | 27648 weights)
      (reshape): reshape_irreps()
    )
    (1): RealAgnosticResidualInteractionBlock(
      (linear_up): Linear(96x0e+96x1o -> 96x0e+96x1o | 18432 weights)
      (conv_tp): TensorProduct(96x0e+96x1o x 1x0e+1x1o+1x2e+1x3o -> 192x0e+288x1o+288x2e+192x3o | 960 paths | 960 weights)
      (conv_tp_weights): FullyConnectedNet[8, 64, 64, 64, 960]
      (linear): Linear(192x0e+288x1o+288x2e+192x3o -> 96x0e+96x1o+96x2e+96x3o | 92160 weights)
      (skip_tp): FullyConnectedTensorProduct(96x0e+96x1o x 3x0e -> 96x0e | 27648 paths | 27648 weights)
      (reshape): reshape_irreps()
    )
  )
  (products): ModuleList(
    (0): EquivariantProductBasisBlock(
      (symmetric_contractions): SymmetricContraction(
        (contractions): ModuleList(
          (0): Contraction(
            (contractions_weighting): ModuleList(
              (0-1): 2 x GraphModule()
            )
            (contractions_features): ModuleList(
              (0-1): 2 x GraphModule()
            )
            (weights): ParameterList(
                (0): Parameter containing: [torch.float64 of size 3x4x96 (cuda:0)]
                (1): Parameter containing: [torch.float64 of size 3x1x96 (cuda:0)]
            )
            (graph_opt_main): GraphModule()
          )
          (1): Contraction(
            (contractions_weighting): ModuleList(
              (0-1): 2 x GraphModule()
            )
            (contractions_features): ModuleList(
              (0-1): 2 x GraphModule()
            )
            (weights): ParameterList(
                (0): Parameter containing: [torch.float64 of size 3x6x96 (cuda:0)]
                (1): Parameter containing: [torch.float64 of size 3x1x96 (cuda:0)]
            )
            (graph_opt_main): GraphModule()
          )
        )
      )
      (linear): Linear(96x0e+96x1o -> 96x0e+96x1o | 18432 weights)
    )
    (1): EquivariantProductBasisBlock(
      (symmetric_contractions): SymmetricContraction(
        (contractions): ModuleList(
          (0): Contraction(
            (contractions_weighting): ModuleList(
              (0-1): 2 x GraphModule()
            )
            (contractions_features): ModuleList(
              (0-1): 2 x GraphModule()
            )
            (weights): ParameterList(
                (0): Parameter containing: [torch.float64 of size 3x4x96 (cuda:0)]
                (1): Parameter containing: [torch.float64 of size 3x1x96 (cuda:0)]
            )
            (graph_opt_main): GraphModule()
          )
        )
      )
      (linear): Linear(96x0e -> 96x0e | 9216 weights)
    )
  )
  (readouts): ModuleList(
    (0): LinearReadoutBlock(
      (linear): Linear(96x0e+96x1o -> 1x0e | 96 weights)
    )
    (1): NonLinearReadoutBlock(
      (linear_1): Linear(96x0e -> 16x0e | 1536 weights)
      (non_linearity): Activation [x] (16x0e -> 16x0e)
      (linear_2): Linear(16x0e -> 1x0e | 16 weights)
    )
  )
  (scale_shift): ScaleShiftBlock(scale=2.286339, shift=-6.162441)
)
2024-07-16 10:44:27.969 INFO: Number of parameters: 377808
2024-07-16 10:44:27.969 INFO: Optimizer: Adam (
Parameter Group 0
    amsgrad: True
    betas: (0.9, 0.999)
    capturable: False
    differentiable: False
    eps: 1e-08
    foreach: None
    fused: None
    lr: 0.01
    maximize: False
    name: embedding
    weight_decay: 0.0

Parameter Group 1
    amsgrad: True
    betas: (0.9, 0.999)
    capturable: False
    differentiable: False
    eps: 1e-08
    foreach: None
    fused: None
    lr: 0.01
    maximize: False
    name: interactions_decay
    weight_decay: 5e-07

Parameter Group 2
    amsgrad: True
    betas: (0.9, 0.999)
    capturable: False
    differentiable: False
    eps: 1e-08
    foreach: None
    fused: None
    lr: 0.01
    maximize: False
    name: interactions_no_decay
    weight_decay: 0.0

Parameter Group 3
    amsgrad: True
    betas: (0.9, 0.999)
    capturable: False
    differentiable: False
    eps: 1e-08
    foreach: None
    fused: None
    lr: 0.01
    maximize: False
    name: products
    weight_decay: 5e-07

Parameter Group 4
    amsgrad: True
    betas: (0.9, 0.999)
    capturable: False
    differentiable: False
    eps: 1e-08
    foreach: None
    fused: None
    lr: 0.01
    maximize: False
    name: readouts
    weight_decay: 0.0
)
2024-07-16 10:44:27.970 INFO: Using gradient clipping with tolerance=10.000
2024-07-16 10:44:27.970 INFO: Started training
2024-07-16 10:44:37.998 INFO: Epoch None: loss=58.4889, RMSE_E_per_atom=546.0 meV, RMSE_F=2417.3 meV / A
2024-07-16 10:46:18.628 INFO: Epoch 0: loss=0.4166, RMSE_E_per_atom=127.4 meV, RMSE_F=199.3 meV / A
2024-07-16 10:49:12.944 INFO: Epoch 2: loss=0.1990, RMSE_E_per_atom=83.5 meV, RMSE_F=137.3 meV / A
2024-07-16 10:52:07.258 INFO: Epoch 4: loss=0.1414, RMSE_E_per_atom=68.7 meV, RMSE_F=115.7 meV / A
2024-07-16 10:55:02.611 INFO: Epoch 6: loss=0.1062, RMSE_E_per_atom=61.4 meV, RMSE_F=99.5 meV / A
2024-07-16 10:57:57.448 INFO: Epoch 8: loss=0.0987, RMSE_E_per_atom=57.1 meV, RMSE_F=95.8 meV / A
2024-07-16 11:00:51.931 INFO: Epoch 10: loss=0.0859, RMSE_E_per_atom=55.2 meV, RMSE_F=89.2 meV / A
2024-07-16 11:03:45.626 INFO: Epoch 12: loss=0.0835, RMSE_E_per_atom=51.3 meV, RMSE_F=87.8 meV / A
2024-07-16 11:06:39.418 INFO: Epoch 14: loss=0.0717, RMSE_E_per_atom=47.1 meV, RMSE_F=81.5 meV / A
2024-07-16 11:09:32.488 INFO: Epoch 16: loss=0.0761, RMSE_E_per_atom=44.5 meV, RMSE_F=83.7 meV / A
2024-07-16 11:12:26.588 INFO: Epoch 18: loss=0.0673, RMSE_E_per_atom=39.0 meV, RMSE_F=78.7 meV / A
2024-07-16 11:15:20.147 INFO: Epoch 20: loss=0.0664, RMSE_E_per_atom=39.7 meV, RMSE_F=77.9 meV / A
2024-07-16 11:18:13.837 INFO: Epoch 22: loss=0.0633, RMSE_E_per_atom=40.4 meV, RMSE_F=76.2 meV / A
2024-07-16 11:21:05.902 INFO: Epoch 24: loss=0.0623, RMSE_E_per_atom=38.4 meV, RMSE_F=75.7 meV / A
2024-07-16 11:23:59.162 INFO: Epoch 26: loss=0.0599, RMSE_E_per_atom=34.9 meV, RMSE_F=74.0 meV / A
2024-07-16 11:26:52.643 INFO: Epoch 28: loss=0.0568, RMSE_E_per_atom=34.8 meV, RMSE_F=72.3 meV / A
2024-07-16 11:29:47.382 INFO: Epoch 30: loss=0.0575, RMSE_E_per_atom=35.3 meV, RMSE_F=72.6 meV / A
2024-07-16 11:32:41.128 INFO: Epoch 32: loss=0.0569, RMSE_E_per_atom=34.4 meV, RMSE_F=72.3 meV / A
2024-07-16 11:35:34.545 INFO: Epoch 34: loss=0.0577, RMSE_E_per_atom=32.1 meV, RMSE_F=72.4 meV / A
2024-07-16 11:38:27.763 INFO: Epoch 36: loss=0.0569, RMSE_E_per_atom=32.4 meV, RMSE_F=72.0 meV / A
2024-07-16 11:41:21.087 INFO: Epoch 38: loss=0.0559, RMSE_E_per_atom=29.1 meV, RMSE_F=71.4 meV / A
2024-07-16 11:44:14.797 INFO: Epoch 40: loss=0.0541, RMSE_E_per_atom=31.5 meV, RMSE_F=70.2 meV / A
2024-07-16 11:47:09.529 INFO: Epoch 42: loss=0.0544, RMSE_E_per_atom=30.3 meV, RMSE_F=70.5 meV / A
2024-07-16 11:50:03.101 INFO: Epoch 44: loss=0.0516, RMSE_E_per_atom=27.8 meV, RMSE_F=68.7 meV / A
2024-07-16 11:52:56.899 INFO: Epoch 46: loss=0.0521, RMSE_E_per_atom=26.7 meV, RMSE_F=68.7 meV / A
2024-07-16 11:55:50.592 INFO: Epoch 48: loss=0.0529, RMSE_E_per_atom=27.6 meV, RMSE_F=69.3 meV / A
2024-07-16 11:58:42.177 INFO: Epoch 50: loss=0.0518, RMSE_E_per_atom=27.5 meV, RMSE_F=68.2 meV / A
2024-07-16 12:01:33.830 INFO: Epoch 52: loss=0.0514, RMSE_E_per_atom=25.7 meV, RMSE_F=68.4 meV / A
2024-07-16 12:04:25.439 INFO: Epoch 54: loss=0.0519, RMSE_E_per_atom=26.6 meV, RMSE_F=68.9 meV / A
2024-07-16 12:07:17.256 INFO: Epoch 56: loss=0.0482, RMSE_E_per_atom=23.7 meV, RMSE_F=66.1 meV / A
2024-07-16 12:10:09.360 INFO: Epoch 58: loss=0.0473, RMSE_E_per_atom=26.6 meV, RMSE_F=65.5 meV / A
2024-07-16 12:13:00.802 INFO: Epoch 60: loss=0.0460, RMSE_E_per_atom=24.5 meV, RMSE_F=64.6 meV / A
2024-07-16 12:15:51.976 INFO: Epoch 62: loss=0.0487, RMSE_E_per_atom=23.2 meV, RMSE_F=66.6 meV / A
2024-07-16 12:18:44.714 INFO: Epoch 64: loss=0.0483, RMSE_E_per_atom=23.1 meV, RMSE_F=66.3 meV / A
2024-07-16 12:21:36.374 INFO: Epoch 66: loss=0.0493, RMSE_E_per_atom=21.4 meV, RMSE_F=66.8 meV / A
2024-07-16 12:24:28.341 INFO: Epoch 68: loss=0.0445, RMSE_E_per_atom=21.3 meV, RMSE_F=63.5 meV / A
2024-07-16 12:27:20.592 INFO: Epoch 70: loss=0.0460, RMSE_E_per_atom=21.9 meV, RMSE_F=64.5 meV / A
2024-07-16 12:30:12.708 INFO: Epoch 72: loss=0.0480, RMSE_E_per_atom=22.8 meV, RMSE_F=65.9 meV / A
2024-07-16 12:33:04.679 INFO: Epoch 74: loss=0.0488, RMSE_E_per_atom=20.0 meV, RMSE_F=66.5 meV / A
2024-07-16 12:35:57.015 INFO: Epoch 76: loss=0.0474, RMSE_E_per_atom=23.2 meV, RMSE_F=65.4 meV / A
2024-07-16 12:38:49.164 INFO: Epoch 78: loss=0.0471, RMSE_E_per_atom=20.4 meV, RMSE_F=65.3 meV / A
2024-07-16 12:41:41.030 INFO: Epoch 80: loss=0.0461, RMSE_E_per_atom=18.7 meV, RMSE_F=64.7 meV / A
2024-07-16 12:44:33.247 INFO: Epoch 82: loss=0.0450, RMSE_E_per_atom=21.6 meV, RMSE_F=63.6 meV / A
2024-07-16 12:47:24.866 INFO: Epoch 84: loss=0.0453, RMSE_E_per_atom=20.4 meV, RMSE_F=63.8 meV / A
2024-07-16 12:50:17.011 INFO: Epoch 86: loss=0.0467, RMSE_E_per_atom=21.1 meV, RMSE_F=64.8 meV / A
2024-07-16 12:53:08.295 INFO: Epoch 88: loss=0.0440, RMSE_E_per_atom=17.6 meV, RMSE_F=63.0 meV / A
2024-07-16 12:56:00.550 INFO: Epoch 90: loss=0.0466, RMSE_E_per_atom=19.2 meV, RMSE_F=64.9 meV / A
2024-07-16 12:58:52.447 INFO: Epoch 92: loss=0.0468, RMSE_E_per_atom=17.0 meV, RMSE_F=64.9 meV / A
2024-07-16 13:01:44.234 INFO: Epoch 94: loss=0.0430, RMSE_E_per_atom=20.7 meV, RMSE_F=62.1 meV / A
2024-07-16 13:04:37.804 INFO: Epoch 96: loss=0.0454, RMSE_E_per_atom=18.5 meV, RMSE_F=63.9 meV / A
2024-07-16 13:07:30.269 INFO: Epoch 98: loss=0.0453, RMSE_E_per_atom=19.2 meV, RMSE_F=64.0 meV / A
2024-07-16 13:10:22.631 INFO: Epoch 100: loss=0.0438, RMSE_E_per_atom=19.4 meV, RMSE_F=62.9 meV / A
2024-07-16 13:13:15.839 INFO: Epoch 102: loss=0.0441, RMSE_E_per_atom=18.5 meV, RMSE_F=62.8 meV / A
2024-07-16 13:16:09.065 INFO: Epoch 104: loss=0.0459, RMSE_E_per_atom=18.2 meV, RMSE_F=64.2 meV / A
2024-07-16 13:19:02.824 INFO: Epoch 106: loss=0.0438, RMSE_E_per_atom=17.8 meV, RMSE_F=62.8 meV / A
2024-07-16 13:21:55.165 INFO: Epoch 108: loss=0.0443, RMSE_E_per_atom=17.7 meV, RMSE_F=63.4 meV / A
2024-07-16 13:24:46.810 INFO: Epoch 110: loss=0.0461, RMSE_E_per_atom=18.0 meV, RMSE_F=64.6 meV / A
2024-07-16 13:27:38.817 INFO: Epoch 112: loss=0.0438, RMSE_E_per_atom=17.9 meV, RMSE_F=63.0 meV / A
2024-07-16 13:30:31.767 INFO: Epoch 114: loss=0.0454, RMSE_E_per_atom=15.6 meV, RMSE_F=64.0 meV / A
2024-07-16 13:32:51.330 INFO: Epoch 116: loss=0.0446, RMSE_E_per_atom=16.7 meV, RMSE_F=63.4 meV / A
2024-07-16 13:34:56.110 INFO: Epoch 118: loss=0.0451, RMSE_E_per_atom=14.4 meV, RMSE_F=63.7 meV / A
2024-07-16 13:37:01.489 INFO: Epoch 120: loss=0.0432, RMSE_E_per_atom=15.1 meV, RMSE_F=62.4 meV / A
2024-07-16 13:39:08.303 INFO: Epoch 122: loss=0.0477, RMSE_E_per_atom=16.5 meV, RMSE_F=65.6 meV / A
2024-07-16 13:41:15.097 INFO: Epoch 124: loss=0.0445, RMSE_E_per_atom=17.5 meV, RMSE_F=63.2 meV / A
2024-07-16 13:43:23.657 INFO: Epoch 126: loss=0.0427, RMSE_E_per_atom=15.0 meV, RMSE_F=61.9 meV / A
2024-07-16 13:45:23.912 INFO: Epoch 128: loss=0.0412, RMSE_E_per_atom=14.6 meV, RMSE_F=60.7 meV / A
2024-07-16 13:48:00.267 INFO: Epoch 130: loss=0.0430, RMSE_E_per_atom=16.3 meV, RMSE_F=62.1 meV / A
2024-07-16 13:50:52.710 INFO: Epoch 132: loss=0.0423, RMSE_E_per_atom=15.2 meV, RMSE_F=61.6 meV / A
2024-07-16 13:52:59.600 INFO: Epoch 134: loss=0.0436, RMSE_E_per_atom=16.1 meV, RMSE_F=62.7 meV / A
2024-07-16 13:55:09.851 INFO: Epoch 136: loss=0.0415, RMSE_E_per_atom=16.4 meV, RMSE_F=61.1 meV / A
2024-07-16 13:58:04.318 INFO: Epoch 138: loss=0.0442, RMSE_E_per_atom=15.3 meV, RMSE_F=62.9 meV / A
2024-07-16 14:00:57.031 INFO: Epoch 140: loss=0.0430, RMSE_E_per_atom=15.2 meV, RMSE_F=62.2 meV / A
2024-07-16 14:03:50.297 INFO: Epoch 142: loss=0.0423, RMSE_E_per_atom=14.1 meV, RMSE_F=61.6 meV / A
2024-07-16 14:06:44.694 INFO: Epoch 144: loss=0.0443, RMSE_E_per_atom=14.4 meV, RMSE_F=63.2 meV / A
2024-07-16 14:09:29.580 INFO: Epoch 146: loss=0.0444, RMSE_E_per_atom=14.3 meV, RMSE_F=63.2 meV / A
2024-07-16 14:11:43.174 INFO: Epoch 148: loss=0.0422, RMSE_E_per_atom=13.8 meV, RMSE_F=61.6 meV / A
2024-07-16 14:13:53.551 INFO: Epoch 150: loss=0.0448, RMSE_E_per_atom=14.2 meV, RMSE_F=63.8 meV / A
2024-07-16 14:16:25.291 INFO: Epoch 152: loss=0.0425, RMSE_E_per_atom=14.0 meV, RMSE_F=61.9 meV / A
2024-07-16 14:18:58.882 INFO: Epoch 154: loss=0.0421, RMSE_E_per_atom=13.0 meV, RMSE_F=61.5 meV / A
2024-07-16 14:21:49.453 INFO: Epoch 156: loss=0.0412, RMSE_E_per_atom=13.9 meV, RMSE_F=60.9 meV / A
2024-07-16 14:24:42.586 INFO: Epoch 158: loss=0.0434, RMSE_E_per_atom=13.9 meV, RMSE_F=62.3 meV / A
2024-07-16 14:27:36.622 INFO: Epoch 160: loss=0.0419, RMSE_E_per_atom=13.0 meV, RMSE_F=61.2 meV / A
2024-07-16 14:30:27.229 INFO: Epoch 162: loss=0.0424, RMSE_E_per_atom=13.3 meV, RMSE_F=61.6 meV / A
2024-07-16 14:33:16.671 INFO: Epoch 164: loss=0.0433, RMSE_E_per_atom=13.4 meV, RMSE_F=62.2 meV / A
2024-07-16 14:36:06.764 INFO: Epoch 166: loss=0.0438, RMSE_E_per_atom=13.1 meV, RMSE_F=62.6 meV / A
2024-07-16 14:39:05.157 INFO: Epoch 168: loss=0.0426, RMSE_E_per_atom=14.1 meV, RMSE_F=61.8 meV / A
2024-07-16 14:42:08.425 INFO: Epoch 170: loss=0.0419, RMSE_E_per_atom=12.9 meV, RMSE_F=61.3 meV / A
2024-07-16 14:45:12.203 INFO: Epoch 172: loss=0.0437, RMSE_E_per_atom=14.1 meV, RMSE_F=62.8 meV / A
2024-07-16 14:48:14.438 INFO: Epoch 174: loss=0.0403, RMSE_E_per_atom=10.9 meV, RMSE_F=60.3 meV / A
2024-07-16 14:51:17.604 INFO: Epoch 176: loss=0.0417, RMSE_E_per_atom=13.0 meV, RMSE_F=61.2 meV / A
2024-07-16 14:54:21.214 INFO: Epoch 178: loss=0.0432, RMSE_E_per_atom=12.1 meV, RMSE_F=62.2 meV / A
2024-07-16 14:57:24.672 INFO: Epoch 180: loss=0.0423, RMSE_E_per_atom=12.0 meV, RMSE_F=61.6 meV / A
2024-07-16 15:00:28.098 INFO: Epoch 182: loss=0.0406, RMSE_E_per_atom=11.8 meV, RMSE_F=60.3 meV / A
2024-07-16 15:03:31.244 INFO: Epoch 184: loss=0.0400, RMSE_E_per_atom=11.8 meV, RMSE_F=59.8 meV / A
2024-07-16 15:06:33.553 INFO: Epoch 186: loss=0.0400, RMSE_E_per_atom=12.4 meV, RMSE_F=59.8 meV / A
2024-07-16 15:09:35.724 INFO: Epoch 188: loss=0.0398, RMSE_E_per_atom=13.8 meV, RMSE_F=59.7 meV / A
2024-07-16 15:12:37.386 INFO: Epoch 190: loss=0.0448, RMSE_E_per_atom=12.5 meV, RMSE_F=63.4 meV / A
2024-07-16 15:15:41.197 INFO: Epoch 192: loss=0.0421, RMSE_E_per_atom=11.6 meV, RMSE_F=61.5 meV / A
2024-07-16 15:18:42.525 INFO: Epoch 194: loss=0.0401, RMSE_E_per_atom=13.4 meV, RMSE_F=59.8 meV / A
2024-07-16 15:21:46.546 INFO: Epoch 196: loss=0.0407, RMSE_E_per_atom=11.3 meV, RMSE_F=60.5 meV / A
2024-07-16 15:24:50.368 INFO: Epoch 198: loss=0.0432, RMSE_E_per_atom=11.6 meV, RMSE_F=62.0 meV / A
2024-07-16 15:27:52.026 INFO: Epoch 200: loss=0.0417, RMSE_E_per_atom=11.3 meV, RMSE_F=61.2 meV / A
2024-07-16 15:30:53.200 INFO: Epoch 202: loss=0.0392, RMSE_E_per_atom=11.9 meV, RMSE_F=59.3 meV / A
2024-07-16 15:33:56.531 INFO: Epoch 204: loss=0.0390, RMSE_E_per_atom=11.8 meV, RMSE_F=59.1 meV / A
2024-07-16 15:36:58.817 INFO: Epoch 206: loss=0.0418, RMSE_E_per_atom=11.2 meV, RMSE_F=61.2 meV / A
2024-07-16 15:40:02.493 INFO: Epoch 208: loss=0.0404, RMSE_E_per_atom=12.0 meV, RMSE_F=60.1 meV / A
2024-07-16 15:43:04.873 INFO: Epoch 210: loss=0.0386, RMSE_E_per_atom=10.7 meV, RMSE_F=58.8 meV / A
2024-07-16 15:46:06.662 INFO: Epoch 212: loss=0.0390, RMSE_E_per_atom=11.7 meV, RMSE_F=59.1 meV / A
2024-07-16 15:49:09.886 INFO: Epoch 214: loss=0.0413, RMSE_E_per_atom=10.9 meV, RMSE_F=60.8 meV / A
2024-07-16 15:52:13.572 INFO: Epoch 216: loss=0.0409, RMSE_E_per_atom=12.0 meV, RMSE_F=60.6 meV / A
2024-07-16 15:55:15.443 INFO: Epoch 218: loss=0.0405, RMSE_E_per_atom=12.2 meV, RMSE_F=60.3 meV / A
2024-07-16 15:58:17.146 INFO: Epoch 220: loss=0.0411, RMSE_E_per_atom=11.4 meV, RMSE_F=60.8 meV / A
2024-07-16 16:01:14.394 INFO: Epoch 222: loss=0.0399, RMSE_E_per_atom=11.0 meV, RMSE_F=59.9 meV / A
2024-07-16 16:04:13.684 INFO: Epoch 224: loss=0.0404, RMSE_E_per_atom=11.2 meV, RMSE_F=60.2 meV / A
2024-07-16 16:07:12.551 INFO: Epoch 226: loss=0.0400, RMSE_E_per_atom=10.6 meV, RMSE_F=60.1 meV / A
2024-07-16 16:10:12.130 INFO: Epoch 228: loss=0.0388, RMSE_E_per_atom=10.6 meV, RMSE_F=59.1 meV / A
2024-07-16 16:13:11.176 INFO: Epoch 230: loss=0.0404, RMSE_E_per_atom=10.1 meV, RMSE_F=60.1 meV / A
2024-07-16 16:16:14.251 INFO: Epoch 232: loss=0.0417, RMSE_E_per_atom=11.4 meV, RMSE_F=61.1 meV / A
2024-07-16 16:19:13.222 INFO: Epoch 234: loss=0.0413, RMSE_E_per_atom=11.6 meV, RMSE_F=60.9 meV / A
2024-07-16 16:21:48.131 INFO: Epoch 236: loss=0.0411, RMSE_E_per_atom=10.9 meV, RMSE_F=60.5 meV / A
2024-07-16 16:24:50.729 INFO: Epoch 238: loss=0.0385, RMSE_E_per_atom=9.9 meV, RMSE_F=58.7 meV / A
2024-07-16 16:27:53.751 INFO: Epoch 240: loss=0.0377, RMSE_E_per_atom=9.5 meV, RMSE_F=58.1 meV / A
2024-07-16 16:30:56.740 INFO: Epoch 242: loss=0.0366, RMSE_E_per_atom=9.6 meV, RMSE_F=57.3 meV / A
2024-07-16 16:34:00.025 INFO: Epoch 244: loss=0.0403, RMSE_E_per_atom=10.5 meV, RMSE_F=60.0 meV / A
2024-07-16 16:37:03.312 INFO: Epoch 246: loss=0.0403, RMSE_E_per_atom=9.4 meV, RMSE_F=59.9 meV / A
2024-07-16 16:40:09.210 INFO: Epoch 248: loss=0.0402, RMSE_E_per_atom=10.4 meV, RMSE_F=59.9 meV / A
2024-07-16 16:43:08.084 INFO: Epoch 250: loss=0.0388, RMSE_E_per_atom=10.6 meV, RMSE_F=58.8 meV / A
2024-07-16 16:46:07.934 INFO: Epoch 252: loss=0.0400, RMSE_E_per_atom=10.7 meV, RMSE_F=59.9 meV / A
2024-07-16 16:49:04.507 INFO: Epoch 254: loss=0.0416, RMSE_E_per_atom=10.3 meV, RMSE_F=61.0 meV / A
2024-07-16 16:52:07.983 INFO: Epoch 256: loss=0.0391, RMSE_E_per_atom=10.1 meV, RMSE_F=59.1 meV / A
2024-07-16 16:55:05.006 INFO: Epoch 258: loss=0.0392, RMSE_E_per_atom=10.2 meV, RMSE_F=59.3 meV / A
2024-07-16 16:58:06.243 INFO: Epoch 260: loss=0.0387, RMSE_E_per_atom=8.9 meV, RMSE_F=58.7 meV / A
2024-07-16 17:01:12.254 INFO: Epoch 262: loss=0.0381, RMSE_E_per_atom=10.1 meV, RMSE_F=58.3 meV / A
2024-07-16 17:04:14.804 INFO: Epoch 264: loss=0.0397, RMSE_E_per_atom=9.9 meV, RMSE_F=59.6 meV / A
2024-07-16 17:07:16.246 INFO: Epoch 266: loss=0.0398, RMSE_E_per_atom=11.8 meV, RMSE_F=59.6 meV / A
2024-07-16 17:10:15.654 INFO: Epoch 268: loss=0.0385, RMSE_E_per_atom=11.0 meV, RMSE_F=58.7 meV / A
2024-07-16 17:13:14.907 INFO: Epoch 270: loss=0.0408, RMSE_E_per_atom=10.0 meV, RMSE_F=60.4 meV / A
2024-07-16 17:16:14.222 INFO: Epoch 272: loss=0.0385, RMSE_E_per_atom=10.6 meV, RMSE_F=58.6 meV / A
2024-07-16 17:19:13.037 INFO: Epoch 274: loss=0.0382, RMSE_E_per_atom=8.7 meV, RMSE_F=58.5 meV / A
2024-07-16 17:22:11.425 INFO: Epoch 276: loss=0.0381, RMSE_E_per_atom=10.2 meV, RMSE_F=58.4 meV / A
2024-07-16 17:25:10.580 INFO: Epoch 278: loss=0.0377, RMSE_E_per_atom=9.4 meV, RMSE_F=58.0 meV / A
2024-07-16 17:28:08.830 INFO: Epoch 280: loss=0.0380, RMSE_E_per_atom=9.7 meV, RMSE_F=58.1 meV / A
2024-07-16 17:31:07.234 INFO: Epoch 282: loss=0.0394, RMSE_E_per_atom=10.5 meV, RMSE_F=59.4 meV / A
2024-07-16 17:34:01.384 INFO: Epoch 284: loss=0.0383, RMSE_E_per_atom=9.0 meV, RMSE_F=58.5 meV / A
2024-07-16 17:36:58.538 INFO: Epoch 286: loss=0.0386, RMSE_E_per_atom=9.5 meV, RMSE_F=58.6 meV / A
2024-07-16 17:39:58.367 INFO: Epoch 288: loss=0.0388, RMSE_E_per_atom=9.5 meV, RMSE_F=58.8 meV / A
2024-07-16 17:42:57.419 INFO: Epoch 290: loss=0.0408, RMSE_E_per_atom=10.3 meV, RMSE_F=60.4 meV / A
2024-07-16 17:45:58.367 INFO: Epoch 292: loss=0.0389, RMSE_E_per_atom=8.7 meV, RMSE_F=59.0 meV / A
2024-07-16 17:48:56.899 INFO: Epoch 294: loss=0.0388, RMSE_E_per_atom=8.5 meV, RMSE_F=58.7 meV / A
2024-07-16 17:52:00.825 INFO: Epoch 296: loss=0.0380, RMSE_E_per_atom=7.6 meV, RMSE_F=58.3 meV / A
2024-07-16 17:54:57.783 INFO: Epoch 298: loss=0.0378, RMSE_E_per_atom=7.7 meV, RMSE_F=58.1 meV / A
2024-07-16 17:56:30.105 INFO: Training complete
2024-07-16 17:56:30.106 INFO: Computing metrics for training, validation, and test sets
2024-07-16 17:56:30.922 INFO: Loading checkpoint: checkpoints/mace_96_1_run-123_epoch-242.pt
2024-07-16 17:56:31.124 INFO: Loaded model from epoch 242
2024-07-16 17:56:31.125 INFO: Evaluating train ...
2024-07-16 17:57:33.043 INFO: Evaluating valid ...
2024-07-16 17:57:34.151 INFO: Evaluating Default ...
2024-07-16 17:57:43.901 INFO: Evaluating IsolatedAtom ...
2024-07-16 17:57:43.959 INFO: 
+--------------+---------------------+------------------+-------------------+
| config_type  | RMSE E / meV / atom | RMSE F / meV / A | relative F RMSE % |
+--------------+---------------------+------------------+-------------------+
|    train     |         10.1        |       23.4       |        1.02       |
|    valid     |         9.6         |       57.3       |        2.37       |
|   Default    |         10.3        |       36.5       |        1.61       |
| IsolatedAtom |        4867.1       |       0.0        |        0.00       |
+--------------+---------------------+------------------+-------------------+
2024-07-16 17:57:43.960 INFO: Saving model to checkpoints/mace_96_1_run-123.model
2024-07-16 17:57:44.225 INFO: Compiling model, saving metadata to mace_96_1_compiled.model
2024-07-16 17:57:45.147 INFO: Done
