2024-07-15 18:00:49.349 INFO: MACE version: 0.3.5
2024-07-15 18:00:49.350 INFO: Configuration: Namespace(config=None, name='mace_64_0', seed=123, log_dir='logs', model_dir='.', checkpoints_dir='checkpoints', results_dir='results', downloads_dir='downloads', device='cuda', default_dtype='float64', distributed=False, log_level='INFO', error_table='PerAtomRMSE', model='ScaleShiftMACE', r_max=6.0, radial_type='bessel', num_radial_basis=8, num_cutoff_basis=5, pair_repulsion=False, distance_transform='None', interaction='RealAgnosticResidualInteractionBlock', interaction_first='RealAgnosticResidualInteractionBlock', max_ell=3, correlation=3, num_interactions=2, MLP_irreps='16x0e', radial_MLP='[64, 64, 64]', hidden_irreps='64x0e', num_channels=None, max_L=None, gate='silu', scaling='rms_forces_scaling', avg_num_neighbors=1, compute_avg_num_neighbors=True, compute_stress=False, compute_forces=True, train_file='70_train_mace_xtb.xyz', valid_file=None, valid_fraction=0.05, test_file='30_test_mace_xtb.xyz', test_dir=None, multi_processed_test=False, num_workers=0, pin_memory=True, atomic_numbers=None, mean=None, std=None, statistics_file=None, E0s='isolated', keep_isolated_atoms=False, energy_key='REF_energies', forces_key='REF_forces', virials_key='virials', stress_key='stress', dipole_key='dipole', charges_key='charges', loss='weighted', forces_weight=100.0, swa_forces_weight=100.0, energy_weight=1.0, swa_energy_weight=1000.0, virials_weight=1.0, swa_virials_weight=10.0, stress_weight=1.0, swa_stress_weight=10.0, dipole_weight=1.0, swa_dipole_weight=1.0, config_type_weights='{"Default":1.0}', huber_delta=0.01, optimizer='adam', batch_size=4, valid_batch_size=10, lr=0.01, swa_lr=0.001, weight_decay=5e-07, amsgrad=True, scheduler='ReduceLROnPlateau', lr_factor=0.8, scheduler_patience=50, lr_scheduler_gamma=0.9993, swa=False, start_swa=None, ema=True, ema_decay=0.99, max_num_epochs=300, patience=2048, foundation_model=None, foundation_model_readout=True, eval_interval=2, keep_checkpoints=False, save_all_checkpoints=False, restart_latest=True, save_cpu=True, clip_grad=10.0, wandb=False, wandb_project='', wandb_entity='', wandb_name='', wandb_log_hypers=['num_channels', 'max_L', 'correlation', 'lr', 'swa_lr', 'weight_decay', 'batch_size', 'max_num_epochs', 'start_swa', 'energy_weight', 'forces_weight'])
2024-07-15 18:00:49.546 INFO: CUDA version: 11.8, CUDA device: 0
2024-07-15 18:00:49.586 INFO: Error accessing Git repository: /workspace
2024-07-15 18:00:50.918 INFO: Since ASE version 3.23.0b1, using stress_key 'stress' is no longer safe when communicating between MACE and ASE. We recommend using a different key, rewriting energies to 'REF_stress'. You need to use --stress_key='REF_stress', to tell the key name chosen.
2024-07-15 18:00:50.925 INFO: Using isolated atom energies from training file
2024-07-15 18:00:51.016 INFO: Loaded 3500 training configurations from '70_train_mace_xtb.xyz'
2024-07-15 18:00:51.018 INFO: Using random 5.0% of training set for validation
2024-07-15 18:00:51.586 INFO: Since ASE version 3.23.0b1, using stress_key 'stress' is no longer safe when communicating between MACE and ASE. We recommend using a different key, rewriting energies to 'REF_stress'. You need to use --stress_key='REF_stress', to tell the key name chosen.
2024-07-15 18:00:51.626 INFO: Loaded 1503 test configurations from '30_test_mace_xtb.xyz'
2024-07-15 18:00:51.626 INFO: Total number of configurations: train=3325, valid=175, tests=[IsolatedAtom: 3, Default: 1500]
2024-07-15 18:00:51.645 INFO: AtomicNumberTable: (1, 6, 8)
2024-07-15 18:00:51.645 INFO: Atomic energies: [-10.707211383396714, -48.847445262804705, -102.57117256025786]
2024-07-15 18:00:53.530 INFO: WeightedEnergyForcesLoss(energy_weight=1.000, forces_weight=100.000)
2024-07-15 18:00:55.304 INFO: Average number of neighbors: 16.61252355936961
2024-07-15 18:00:55.304 INFO: Selected the following outputs: {'energy': True, 'forces': True, 'virials': False, 'stress': False, 'dipoles': False}
2024-07-15 18:00:56.844 INFO: Building model
2024-07-15 18:00:56.845 INFO: Hidden irreps: 64x0e
2024-07-15 18:00:59.319 WARNING: Cannot find checkpoint with tag 'mace_64_0_run-123' in 'checkpoints'
2024-07-15 18:00:59.319 INFO: ScaleShiftMACE(
  (node_embedding): LinearNodeEmbeddingBlock(
    (linear): Linear(3x0e -> 64x0e | 192 weights)
  )
  (radial_embedding): RadialEmbeddingBlock(
    (bessel_fn): BesselBasis(r_max=6.0, num_basis=8, trainable=False)
    (cutoff_fn): PolynomialCutoff(p=5.0, r_max=6.0)
  )
  (spherical_harmonics): SphericalHarmonics()
  (atomic_energies_fn): AtomicEnergiesBlock(energies=[-10.7072, -48.8474, -102.5712])
  (interactions): ModuleList(
    (0-1): 2 x RealAgnosticResidualInteractionBlock(
      (linear_up): Linear(64x0e -> 64x0e | 4096 weights)
      (conv_tp): TensorProduct(64x0e x 1x0e+1x1o+1x2e+1x3o -> 64x0e+64x1o+64x2e+64x3o | 256 paths | 256 weights)
      (conv_tp_weights): FullyConnectedNet[8, 64, 64, 64, 256]
      (linear): Linear(64x0e+64x1o+64x2e+64x3o -> 64x0e+64x1o+64x2e+64x3o | 16384 weights)
      (skip_tp): FullyConnectedTensorProduct(64x0e x 3x0e -> 64x0e | 12288 paths | 12288 weights)
      (reshape): reshape_irreps()
    )
  )
  (products): ModuleList(
    (0-1): 2 x EquivariantProductBasisBlock(
      (symmetric_contractions): SymmetricContraction(
        (contractions): ModuleList(
          (0): Contraction(
            (contractions_weighting): ModuleList(
              (0-1): 2 x GraphModule()
            )
            (contractions_features): ModuleList(
              (0-1): 2 x GraphModule()
            )
            (weights): ParameterList(
                (0): Parameter containing: [torch.float64 of size 3x4x64 (cuda:0)]
                (1): Parameter containing: [torch.float64 of size 3x1x64 (cuda:0)]
            )
            (graph_opt_main): GraphModule()
          )
        )
      )
      (linear): Linear(64x0e -> 64x0e | 4096 weights)
    )
  )
  (readouts): ModuleList(
    (0): LinearReadoutBlock(
      (linear): Linear(64x0e -> 1x0e | 64 weights)
    )
    (1): NonLinearReadoutBlock(
      (linear_1): Linear(64x0e -> 16x0e | 1024 weights)
      (non_linearity): Activation [x] (16x0e -> 16x0e)
      (linear_2): Linear(16x0e -> 1x0e | 16 weights)
    )
  )
  (scale_shift): ScaleShiftBlock(scale=2.286339, shift=-6.162441)
)
2024-07-15 18:00:59.322 INFO: Number of parameters: 135952
2024-07-15 18:00:59.322 INFO: Optimizer: Adam (
Parameter Group 0
    amsgrad: True
    betas: (0.9, 0.999)
    capturable: False
    differentiable: False
    eps: 1e-08
    foreach: None
    fused: None
    lr: 0.01
    maximize: False
    name: embedding
    weight_decay: 0.0

Parameter Group 1
    amsgrad: True
    betas: (0.9, 0.999)
    capturable: False
    differentiable: False
    eps: 1e-08
    foreach: None
    fused: None
    lr: 0.01
    maximize: False
    name: interactions_decay
    weight_decay: 5e-07

Parameter Group 2
    amsgrad: True
    betas: (0.9, 0.999)
    capturable: False
    differentiable: False
    eps: 1e-08
    foreach: None
    fused: None
    lr: 0.01
    maximize: False
    name: interactions_no_decay
    weight_decay: 0.0

Parameter Group 3
    amsgrad: True
    betas: (0.9, 0.999)
    capturable: False
    differentiable: False
    eps: 1e-08
    foreach: None
    fused: None
    lr: 0.01
    maximize: False
    name: products
    weight_decay: 5e-07

Parameter Group 4
    amsgrad: True
    betas: (0.9, 0.999)
    capturable: False
    differentiable: False
    eps: 1e-08
    foreach: None
    fused: None
    lr: 0.01
    maximize: False
    name: readouts
    weight_decay: 0.0
)
2024-07-15 18:00:59.322 INFO: Using gradient clipping with tolerance=10.000
2024-07-15 18:00:59.322 INFO: Started training
2024-07-15 18:01:09.235 INFO: Epoch None: loss=58.2501, RMSE_E_per_atom=410.7 meV, RMSE_F=2412.5 meV / A
2024-07-15 18:02:37.052 INFO: Epoch 0: loss=0.4330, RMSE_E_per_atom=127.2 meV, RMSE_F=203.8 meV / A
2024-07-15 18:05:04.249 INFO: Epoch 2: loss=0.2096, RMSE_E_per_atom=75.2 meV, RMSE_F=140.6 meV / A
2024-07-15 18:07:31.471 INFO: Epoch 4: loss=0.1511, RMSE_E_per_atom=60.1 meV, RMSE_F=119.3 meV / A
2024-07-15 18:09:59.006 INFO: Epoch 6: loss=0.1262, RMSE_E_per_atom=67.9 meV, RMSE_F=108.8 meV / A
2024-07-15 18:12:24.684 INFO: Epoch 8: loss=0.1205, RMSE_E_per_atom=58.4 meV, RMSE_F=106.0 meV / A
2024-07-15 18:14:52.398 INFO: Epoch 10: loss=0.1074, RMSE_E_per_atom=53.4 meV, RMSE_F=99.7 meV / A
2024-07-15 18:17:19.934 INFO: Epoch 12: loss=0.0962, RMSE_E_per_atom=50.1 meV, RMSE_F=94.7 meV / A
2024-07-15 18:19:47.377 INFO: Epoch 14: loss=0.0894, RMSE_E_per_atom=49.1 meV, RMSE_F=91.0 meV / A
2024-07-15 18:22:13.150 INFO: Epoch 16: loss=0.0889, RMSE_E_per_atom=43.6 meV, RMSE_F=90.9 meV / A
2024-07-15 18:24:38.164 INFO: Epoch 18: loss=0.0885, RMSE_E_per_atom=45.0 meV, RMSE_F=90.3 meV / A
2024-07-15 18:27:05.801 INFO: Epoch 20: loss=0.0780, RMSE_E_per_atom=46.3 meV, RMSE_F=84.8 meV / A
2024-07-15 18:29:32.240 INFO: Epoch 22: loss=0.0812, RMSE_E_per_atom=45.5 meV, RMSE_F=86.2 meV / A
2024-07-15 18:31:57.626 INFO: Epoch 24: loss=0.0781, RMSE_E_per_atom=42.3 meV, RMSE_F=84.7 meV / A
2024-07-15 18:34:24.665 INFO: Epoch 26: loss=0.0730, RMSE_E_per_atom=42.2 meV, RMSE_F=81.9 meV / A
2024-07-15 18:36:52.397 INFO: Epoch 28: loss=0.0725, RMSE_E_per_atom=40.1 meV, RMSE_F=81.5 meV / A
2024-07-15 18:39:16.847 INFO: Epoch 30: loss=0.0714, RMSE_E_per_atom=43.2 meV, RMSE_F=80.8 meV / A
2024-07-15 18:41:44.169 INFO: Epoch 32: loss=0.0736, RMSE_E_per_atom=38.1 meV, RMSE_F=82.0 meV / A
2024-07-15 18:43:28.015 INFO: Epoch 34: loss=0.0744, RMSE_E_per_atom=37.0 meV, RMSE_F=82.4 meV / A
2024-07-15 18:45:24.551 INFO: Epoch 36: loss=0.0711, RMSE_E_per_atom=37.9 meV, RMSE_F=80.2 meV / A
2024-07-15 18:47:26.948 INFO: Epoch 38: loss=0.0678, RMSE_E_per_atom=38.5 meV, RMSE_F=78.4 meV / A
2024-07-15 18:49:55.062 INFO: Epoch 40: loss=0.0729, RMSE_E_per_atom=36.5 meV, RMSE_F=81.6 meV / A
2024-07-15 18:52:05.310 INFO: Epoch 42: loss=0.0682, RMSE_E_per_atom=36.6 meV, RMSE_F=78.8 meV / A
2024-07-15 18:54:33.451 INFO: Epoch 44: loss=0.0657, RMSE_E_per_atom=34.8 meV, RMSE_F=77.3 meV / A
2024-07-15 18:56:48.339 INFO: Epoch 46: loss=0.0637, RMSE_E_per_atom=32.7 meV, RMSE_F=76.1 meV / A
2024-07-15 18:58:50.491 INFO: Epoch 48: loss=0.0659, RMSE_E_per_atom=33.0 meV, RMSE_F=77.2 meV / A
2024-07-15 19:00:39.542 INFO: Epoch 50: loss=0.0647, RMSE_E_per_atom=32.3 meV, RMSE_F=76.7 meV / A
2024-07-15 19:02:44.763 INFO: Epoch 52: loss=0.0637, RMSE_E_per_atom=30.5 meV, RMSE_F=76.0 meV / A
2024-07-15 19:04:29.837 INFO: Epoch 54: loss=0.0620, RMSE_E_per_atom=33.3 meV, RMSE_F=75.2 meV / A
2024-07-15 19:06:09.629 INFO: Epoch 56: loss=0.0630, RMSE_E_per_atom=31.4 meV, RMSE_F=75.5 meV / A
2024-07-15 19:08:04.974 INFO: Epoch 58: loss=0.0612, RMSE_E_per_atom=30.2 meV, RMSE_F=74.5 meV / A
2024-07-15 19:09:55.564 INFO: Epoch 60: loss=0.0590, RMSE_E_per_atom=31.1 meV, RMSE_F=73.3 meV / A
2024-07-15 19:12:16.825 INFO: Epoch 62: loss=0.0590, RMSE_E_per_atom=30.2 meV, RMSE_F=73.1 meV / A
2024-07-15 19:14:36.484 INFO: Epoch 64: loss=0.0588, RMSE_E_per_atom=31.9 meV, RMSE_F=73.1 meV / A
2024-07-15 19:16:28.499 INFO: Epoch 66: loss=0.0583, RMSE_E_per_atom=31.3 meV, RMSE_F=72.5 meV / A
2024-07-15 19:18:12.833 INFO: Epoch 68: loss=0.0588, RMSE_E_per_atom=28.6 meV, RMSE_F=73.0 meV / A
2024-07-15 19:20:08.724 INFO: Epoch 70: loss=0.0604, RMSE_E_per_atom=26.2 meV, RMSE_F=73.7 meV / A
2024-07-15 19:21:37.128 INFO: Epoch 72: loss=0.0613, RMSE_E_per_atom=30.2 meV, RMSE_F=74.3 meV / A
2024-07-15 19:23:13.080 INFO: Epoch 74: loss=0.0611, RMSE_E_per_atom=26.7 meV, RMSE_F=74.1 meV / A
2024-07-15 19:25:09.116 INFO: Epoch 76: loss=0.0568, RMSE_E_per_atom=27.6 meV, RMSE_F=71.6 meV / A
2024-07-15 19:26:56.264 INFO: Epoch 78: loss=0.0582, RMSE_E_per_atom=26.9 meV, RMSE_F=72.5 meV / A
2024-07-15 19:28:52.658 INFO: Epoch 80: loss=0.0564, RMSE_E_per_atom=26.7 meV, RMSE_F=71.3 meV / A
2024-07-15 19:31:08.897 INFO: Epoch 82: loss=0.0584, RMSE_E_per_atom=25.7 meV, RMSE_F=72.6 meV / A
2024-07-15 19:33:15.784 INFO: Epoch 84: loss=0.0570, RMSE_E_per_atom=26.6 meV, RMSE_F=71.4 meV / A
2024-07-15 19:35:06.538 INFO: Epoch 86: loss=0.0575, RMSE_E_per_atom=25.6 meV, RMSE_F=71.9 meV / A
2024-07-15 19:37:31.397 INFO: Epoch 88: loss=0.0574, RMSE_E_per_atom=26.7 meV, RMSE_F=71.7 meV / A
2024-07-15 19:39:59.244 INFO: Epoch 90: loss=0.0593, RMSE_E_per_atom=25.0 meV, RMSE_F=72.8 meV / A
2024-07-15 19:42:25.991 INFO: Epoch 92: loss=0.0582, RMSE_E_per_atom=25.1 meV, RMSE_F=72.4 meV / A
2024-07-15 19:44:52.915 INFO: Epoch 94: loss=0.0561, RMSE_E_per_atom=25.1 meV, RMSE_F=70.9 meV / A
2024-07-15 19:46:45.258 INFO: Epoch 96: loss=0.0595, RMSE_E_per_atom=25.3 meV, RMSE_F=72.9 meV / A
2024-07-15 19:48:23.652 INFO: Epoch 98: loss=0.0561, RMSE_E_per_atom=25.1 meV, RMSE_F=71.2 meV / A
2024-07-15 19:50:05.106 INFO: Epoch 100: loss=0.0558, RMSE_E_per_atom=22.6 meV, RMSE_F=70.6 meV / A
2024-07-15 19:52:17.576 INFO: Epoch 102: loss=0.0540, RMSE_E_per_atom=23.0 meV, RMSE_F=69.5 meV / A
2024-07-15 19:54:13.885 INFO: Epoch 104: loss=0.0570, RMSE_E_per_atom=24.4 meV, RMSE_F=71.6 meV / A
2024-07-15 19:56:06.773 INFO: Epoch 106: loss=0.0546, RMSE_E_per_atom=24.0 meV, RMSE_F=70.0 meV / A
2024-07-15 19:58:35.661 INFO: Epoch 108: loss=0.0577, RMSE_E_per_atom=23.2 meV, RMSE_F=72.0 meV / A
2024-07-15 20:01:04.345 INFO: Epoch 110: loss=0.0593, RMSE_E_per_atom=22.7 meV, RMSE_F=72.7 meV / A
2024-07-15 20:03:32.527 INFO: Epoch 112: loss=0.0541, RMSE_E_per_atom=22.6 meV, RMSE_F=69.6 meV / A
2024-07-15 20:06:00.764 INFO: Epoch 114: loss=0.0578, RMSE_E_per_atom=23.8 meV, RMSE_F=71.9 meV / A
2024-07-15 20:08:28.600 INFO: Epoch 116: loss=0.0565, RMSE_E_per_atom=21.7 meV, RMSE_F=71.0 meV / A
2024-07-15 20:10:53.408 INFO: Epoch 118: loss=0.0563, RMSE_E_per_atom=24.3 meV, RMSE_F=71.0 meV / A
2024-07-15 20:13:20.194 INFO: Epoch 120: loss=0.0549, RMSE_E_per_atom=21.8 meV, RMSE_F=70.2 meV / A
2024-07-15 20:15:43.899 INFO: Epoch 122: loss=0.0544, RMSE_E_per_atom=22.6 meV, RMSE_F=69.9 meV / A
2024-07-15 20:18:04.421 INFO: Epoch 124: loss=0.0534, RMSE_E_per_atom=22.0 meV, RMSE_F=69.3 meV / A
2024-07-15 20:20:28.619 INFO: Epoch 126: loss=0.0537, RMSE_E_per_atom=22.4 meV, RMSE_F=69.3 meV / A
2024-07-15 20:22:56.593 INFO: Epoch 128: loss=0.0527, RMSE_E_per_atom=23.2 meV, RMSE_F=68.6 meV / A
2024-07-15 20:25:24.995 INFO: Epoch 130: loss=0.0540, RMSE_E_per_atom=20.4 meV, RMSE_F=69.5 meV / A
2024-07-15 20:27:53.127 INFO: Epoch 132: loss=0.0515, RMSE_E_per_atom=19.5 meV, RMSE_F=67.8 meV / A
2024-07-15 20:30:21.608 INFO: Epoch 134: loss=0.0533, RMSE_E_per_atom=21.0 meV, RMSE_F=69.1 meV / A
2024-07-15 20:32:49.523 INFO: Epoch 136: loss=0.0518, RMSE_E_per_atom=21.2 meV, RMSE_F=68.1 meV / A
2024-07-15 20:35:15.958 INFO: Epoch 138: loss=0.0528, RMSE_E_per_atom=20.8 meV, RMSE_F=68.7 meV / A
2024-07-15 20:37:44.156 INFO: Epoch 140: loss=0.0528, RMSE_E_per_atom=21.9 meV, RMSE_F=68.8 meV / A
2024-07-15 20:40:12.388 INFO: Epoch 142: loss=0.0557, RMSE_E_per_atom=20.5 meV, RMSE_F=70.5 meV / A
2024-07-15 20:42:40.621 INFO: Epoch 144: loss=0.0535, RMSE_E_per_atom=20.6 meV, RMSE_F=69.2 meV / A
2024-07-15 20:45:08.619 INFO: Epoch 146: loss=0.0531, RMSE_E_per_atom=20.0 meV, RMSE_F=68.9 meV / A
2024-07-15 20:47:37.164 INFO: Epoch 148: loss=0.0523, RMSE_E_per_atom=20.0 meV, RMSE_F=68.5 meV / A
2024-07-15 20:50:04.983 INFO: Epoch 150: loss=0.0521, RMSE_E_per_atom=19.5 meV, RMSE_F=68.3 meV / A
2024-07-15 20:52:26.731 INFO: Epoch 152: loss=0.0509, RMSE_E_per_atom=19.2 meV, RMSE_F=67.5 meV / A
2024-07-15 20:54:46.840 INFO: Epoch 154: loss=0.0523, RMSE_E_per_atom=19.9 meV, RMSE_F=68.5 meV / A
2024-07-15 20:57:07.726 INFO: Epoch 156: loss=0.0539, RMSE_E_per_atom=17.9 meV, RMSE_F=69.4 meV / A
2024-07-15 20:59:27.564 INFO: Epoch 158: loss=0.0496, RMSE_E_per_atom=18.3 meV, RMSE_F=66.4 meV / A
2024-07-15 21:01:52.216 INFO: Epoch 160: loss=0.0518, RMSE_E_per_atom=18.2 meV, RMSE_F=68.0 meV / A
2024-07-15 21:04:14.607 INFO: Epoch 162: loss=0.0481, RMSE_E_per_atom=17.5 meV, RMSE_F=65.7 meV / A
2024-07-15 21:06:42.988 INFO: Epoch 164: loss=0.0513, RMSE_E_per_atom=17.6 meV, RMSE_F=67.9 meV / A
2024-07-15 21:09:09.735 INFO: Epoch 166: loss=0.0489, RMSE_E_per_atom=18.1 meV, RMSE_F=66.1 meV / A
2024-07-15 21:11:37.818 INFO: Epoch 168: loss=0.0511, RMSE_E_per_atom=18.1 meV, RMSE_F=67.6 meV / A
2024-07-15 21:14:03.295 INFO: Epoch 170: loss=0.0544, RMSE_E_per_atom=18.1 meV, RMSE_F=69.7 meV / A
2024-07-15 21:16:31.392 INFO: Epoch 172: loss=0.0500, RMSE_E_per_atom=15.6 meV, RMSE_F=66.7 meV / A
2024-07-15 21:18:59.390 INFO: Epoch 174: loss=0.0492, RMSE_E_per_atom=18.0 meV, RMSE_F=66.5 meV / A
2024-07-15 21:21:27.232 INFO: Epoch 176: loss=0.0528, RMSE_E_per_atom=17.3 meV, RMSE_F=68.8 meV / A
2024-07-15 21:23:54.516 INFO: Epoch 178: loss=0.0494, RMSE_E_per_atom=17.4 meV, RMSE_F=66.5 meV / A
2024-07-15 21:26:17.229 INFO: Epoch 180: loss=0.0505, RMSE_E_per_atom=18.0 meV, RMSE_F=67.3 meV / A
2024-07-15 21:28:39.520 INFO: Epoch 182: loss=0.0502, RMSE_E_per_atom=17.6 meV, RMSE_F=66.9 meV / A
2024-07-15 21:31:05.397 INFO: Epoch 184: loss=0.0498, RMSE_E_per_atom=17.1 meV, RMSE_F=66.7 meV / A
2024-07-15 21:33:33.284 INFO: Epoch 186: loss=0.0515, RMSE_E_per_atom=18.9 meV, RMSE_F=67.8 meV / A
2024-07-15 21:36:00.200 INFO: Epoch 188: loss=0.0511, RMSE_E_per_atom=19.3 meV, RMSE_F=67.7 meV / A
2024-07-15 21:38:27.886 INFO: Epoch 190: loss=0.0477, RMSE_E_per_atom=16.7 meV, RMSE_F=65.3 meV / A
2024-07-15 21:40:56.195 INFO: Epoch 192: loss=0.0506, RMSE_E_per_atom=18.3 meV, RMSE_F=67.1 meV / A
2024-07-15 21:43:24.150 INFO: Epoch 194: loss=0.0473, RMSE_E_per_atom=19.3 meV, RMSE_F=65.0 meV / A
2024-07-15 21:45:53.148 INFO: Epoch 196: loss=0.0483, RMSE_E_per_atom=14.5 meV, RMSE_F=65.6 meV / A
2024-07-15 21:48:21.811 INFO: Epoch 198: loss=0.0505, RMSE_E_per_atom=17.0 meV, RMSE_F=67.2 meV / A
2024-07-15 21:50:44.203 INFO: Epoch 200: loss=0.0491, RMSE_E_per_atom=18.8 meV, RMSE_F=66.1 meV / A
2024-07-15 21:53:11.985 INFO: Epoch 202: loss=0.0512, RMSE_E_per_atom=16.6 meV, RMSE_F=67.5 meV / A
2024-07-15 21:55:40.605 INFO: Epoch 204: loss=0.0489, RMSE_E_per_atom=16.4 meV, RMSE_F=66.2 meV / A
2024-07-15 21:58:06.726 INFO: Epoch 206: loss=0.0495, RMSE_E_per_atom=16.8 meV, RMSE_F=66.3 meV / A
2024-07-15 22:00:33.376 INFO: Epoch 208: loss=0.0491, RMSE_E_per_atom=16.7 meV, RMSE_F=66.2 meV / A
2024-07-15 22:02:57.732 INFO: Epoch 210: loss=0.0482, RMSE_E_per_atom=16.0 meV, RMSE_F=65.7 meV / A
2024-07-15 22:05:19.590 INFO: Epoch 212: loss=0.0486, RMSE_E_per_atom=14.7 meV, RMSE_F=65.9 meV / A
2024-07-15 22:07:40.529 INFO: Epoch 214: loss=0.0489, RMSE_E_per_atom=17.1 meV, RMSE_F=66.1 meV / A
2024-07-15 22:10:03.898 INFO: Epoch 216: loss=0.0473, RMSE_E_per_atom=16.7 meV, RMSE_F=64.9 meV / A
2024-07-15 22:12:32.534 INFO: Epoch 218: loss=0.0484, RMSE_E_per_atom=16.1 meV, RMSE_F=65.7 meV / A
2024-07-15 22:14:59.462 INFO: Epoch 220: loss=0.0506, RMSE_E_per_atom=16.1 meV, RMSE_F=67.4 meV / A
2024-07-15 22:17:26.167 INFO: Epoch 222: loss=0.0466, RMSE_E_per_atom=16.2 meV, RMSE_F=64.5 meV / A
2024-07-15 22:19:53.986 INFO: Epoch 224: loss=0.0470, RMSE_E_per_atom=15.7 meV, RMSE_F=64.6 meV / A
2024-07-15 22:22:21.693 INFO: Epoch 226: loss=0.0459, RMSE_E_per_atom=15.3 meV, RMSE_F=64.0 meV / A
2024-07-15 22:24:44.976 INFO: Epoch 228: loss=0.0472, RMSE_E_per_atom=14.8 meV, RMSE_F=65.0 meV / A
2024-07-15 22:27:06.000 INFO: Epoch 230: loss=0.0467, RMSE_E_per_atom=15.9 meV, RMSE_F=64.7 meV / A
2024-07-15 22:29:26.141 INFO: Epoch 232: loss=0.0467, RMSE_E_per_atom=16.6 meV, RMSE_F=64.7 meV / A
2024-07-15 22:31:48.011 INFO: Epoch 234: loss=0.0470, RMSE_E_per_atom=15.8 meV, RMSE_F=64.9 meV / A
2024-07-15 22:34:10.774 INFO: Epoch 236: loss=0.0479, RMSE_E_per_atom=16.0 meV, RMSE_F=65.4 meV / A
2024-07-15 22:36:33.552 INFO: Epoch 238: loss=0.0504, RMSE_E_per_atom=15.7 meV, RMSE_F=67.2 meV / A
2024-07-15 22:39:02.061 INFO: Epoch 240: loss=0.0471, RMSE_E_per_atom=15.6 meV, RMSE_F=64.9 meV / A
2024-07-15 22:41:27.992 INFO: Epoch 242: loss=0.0479, RMSE_E_per_atom=15.5 meV, RMSE_F=65.4 meV / A
2024-07-15 22:43:55.741 INFO: Epoch 244: loss=0.0474, RMSE_E_per_atom=16.3 meV, RMSE_F=65.0 meV / A
2024-07-15 22:46:23.873 INFO: Epoch 246: loss=0.0468, RMSE_E_per_atom=13.8 meV, RMSE_F=64.7 meV / A
2024-07-15 22:48:51.689 INFO: Epoch 248: loss=0.0450, RMSE_E_per_atom=17.4 meV, RMSE_F=63.3 meV / A
2024-07-15 22:51:20.295 INFO: Epoch 250: loss=0.0461, RMSE_E_per_atom=14.2 meV, RMSE_F=64.2 meV / A
2024-07-15 22:53:48.217 INFO: Epoch 252: loss=0.0492, RMSE_E_per_atom=14.6 meV, RMSE_F=66.3 meV / A
2024-07-15 22:56:14.261 INFO: Epoch 254: loss=0.0488, RMSE_E_per_atom=15.3 meV, RMSE_F=66.0 meV / A
2024-07-15 22:58:41.771 INFO: Epoch 256: loss=0.0443, RMSE_E_per_atom=16.2 meV, RMSE_F=63.0 meV / A
2024-07-15 23:01:10.095 INFO: Epoch 258: loss=0.0475, RMSE_E_per_atom=16.8 meV, RMSE_F=65.1 meV / A
2024-07-15 23:03:38.045 INFO: Epoch 260: loss=0.0465, RMSE_E_per_atom=15.4 meV, RMSE_F=64.3 meV / A
2024-07-15 23:06:06.381 INFO: Epoch 262: loss=0.0441, RMSE_E_per_atom=14.7 meV, RMSE_F=62.8 meV / A
2024-07-15 23:08:34.797 INFO: Epoch 264: loss=0.0458, RMSE_E_per_atom=14.6 meV, RMSE_F=64.1 meV / A
2024-07-15 23:11:02.781 INFO: Epoch 266: loss=0.0474, RMSE_E_per_atom=14.6 meV, RMSE_F=64.8 meV / A
2024-07-15 23:13:29.305 INFO: Epoch 268: loss=0.0481, RMSE_E_per_atom=15.8 meV, RMSE_F=65.6 meV / A
2024-07-15 23:15:57.576 INFO: Epoch 270: loss=0.0479, RMSE_E_per_atom=15.5 meV, RMSE_F=65.4 meV / A
2024-07-15 23:18:25.837 INFO: Epoch 272: loss=0.0448, RMSE_E_per_atom=12.9 meV, RMSE_F=63.2 meV / A
2024-07-15 23:20:52.249 INFO: Epoch 274: loss=0.0436, RMSE_E_per_atom=13.6 meV, RMSE_F=62.3 meV / A
2024-07-15 23:23:12.982 INFO: Epoch 276: loss=0.0443, RMSE_E_per_atom=14.3 meV, RMSE_F=62.9 meV / A
2024-07-15 23:25:41.241 INFO: Epoch 278: loss=0.0454, RMSE_E_per_atom=13.6 meV, RMSE_F=63.6 meV / A
2024-07-15 23:28:08.992 INFO: Epoch 280: loss=0.0451, RMSE_E_per_atom=13.1 meV, RMSE_F=63.5 meV / A
2024-07-15 23:30:36.939 INFO: Epoch 282: loss=0.0457, RMSE_E_per_atom=14.4 meV, RMSE_F=64.0 meV / A
2024-07-15 23:33:04.879 INFO: Epoch 284: loss=0.0472, RMSE_E_per_atom=14.2 meV, RMSE_F=64.8 meV / A
2024-07-15 23:35:33.006 INFO: Epoch 286: loss=0.0475, RMSE_E_per_atom=15.5 meV, RMSE_F=65.0 meV / A
2024-07-15 23:38:01.144 INFO: Epoch 288: loss=0.0452, RMSE_E_per_atom=13.3 meV, RMSE_F=63.3 meV / A
2024-07-15 23:40:28.873 INFO: Epoch 290: loss=0.0459, RMSE_E_per_atom=14.7 meV, RMSE_F=63.9 meV / A
2024-07-15 23:42:57.062 INFO: Epoch 292: loss=0.0445, RMSE_E_per_atom=13.2 meV, RMSE_F=63.0 meV / A
2024-07-15 23:45:23.597 INFO: Epoch 294: loss=0.0469, RMSE_E_per_atom=14.1 meV, RMSE_F=64.8 meV / A
2024-07-15 23:47:51.561 INFO: Epoch 296: loss=0.0435, RMSE_E_per_atom=13.4 meV, RMSE_F=62.1 meV / A
2024-07-15 23:50:17.277 INFO: Epoch 298: loss=0.0419, RMSE_E_per_atom=14.3 meV, RMSE_F=61.0 meV / A
2024-07-15 23:51:29.285 INFO: Training complete
2024-07-15 23:51:29.286 INFO: Computing metrics for training, validation, and test sets
2024-07-15 23:51:30.077 INFO: Loading checkpoint: checkpoints/mace_64_0_run-123_epoch-298.pt
2024-07-15 23:51:30.107 INFO: Loaded model from epoch 298
2024-07-15 23:51:30.108 INFO: Evaluating train ...
2024-07-15 23:52:09.005 INFO: Evaluating valid ...
2024-07-15 23:52:09.645 INFO: Evaluating Default ...
2024-07-15 23:52:15.391 INFO: Evaluating IsolatedAtom ...
2024-07-15 23:52:15.429 INFO: 
+--------------+---------------------+------------------+-------------------+
| config_type  | RMSE E / meV / atom | RMSE F / meV / A | relative F RMSE % |
+--------------+---------------------+------------------+-------------------+
|    train     |         15.4        |       30.8       |        1.35       |
|    valid     |         14.3        |       61.0       |        2.53       |
|   Default    |         15.9        |       42.7       |        1.88       |
| IsolatedAtom |        4894.9       |       0.0        |        0.00       |
+--------------+---------------------+------------------+-------------------+
2024-07-15 23:52:15.430 INFO: Saving model to checkpoints/mace_64_0_run-123.model
2024-07-15 23:52:15.504 INFO: Compiling model, saving metadata to mace_64_0_compiled.model
2024-07-15 23:52:16.208 INFO: Done
